<?xml version="1.0" encoding="UTF-8"?>
<testsuite xmlns:xsi="http://www.w3.org/2001/XMLSchema-instance" xsi:noNamespaceSchemaLocation="https://maven.apache.org/surefire/maven-surefire-plugin/xsd/surefire-test-report.xsd" version="3.0.2" name="com.concursoacm.ConcursoacmApplicationTests" time="47.322" tests="1" errors="0" skipped="0" failures="0">
  <properties>
    <property name="java.specification.version" value="24"/>
    <property name="sun.cpu.isalist" value="amd64"/>
    <property name="sun.jnu.encoding" value="Cp1252"/>
    <property name="java.class.path" value="E:\Luisi\Programación Universidad\api_concursoacm\target\test-classes;E:\Luisi\Programación Universidad\api_concursoacm\target\classes;C:\Users\WTFLUISO\.m2\repository\org\springframework\boot\spring-boot-starter-actuator\3.4.4\spring-boot-starter-actuator-3.4.4.jar;C:\Users\WTFLUISO\.m2\repository\org\springframework\boot\spring-boot-actuator-autoconfigure\3.4.4\spring-boot-actuator-autoconfigure-3.4.4.jar;C:\Users\WTFLUISO\.m2\repository\org\springframework\boot\spring-boot-actuator\3.4.4\spring-boot-actuator-3.4.4.jar;C:\Users\WTFLUISO\.m2\repository\com\fasterxml\jackson\datatype\jackson-datatype-jsr310\2.18.3\jackson-datatype-jsr310-2.18.3.jar;C:\Users\WTFLUISO\.m2\repository\io\micrometer\micrometer-observation\1.14.5\micrometer-observation-1.14.5.jar;C:\Users\WTFLUISO\.m2\repository\io\micrometer\micrometer-commons\1.14.5\micrometer-commons-1.14.5.jar;C:\Users\WTFLUISO\.m2\repository\io\micrometer\micrometer-jakarta9\1.14.5\micrometer-jakarta9-1.14.5.jar;C:\Users\WTFLUISO\.m2\repository\io\micrometer\micrometer-core\1.14.5\micrometer-core-1.14.5.jar;C:\Users\WTFLUISO\.m2\repository\org\hdrhistogram\HdrHistogram\2.2.2\HdrHistogram-2.2.2.jar;C:\Users\WTFLUISO\.m2\repository\org\latencyutils\LatencyUtils\2.0.3\LatencyUtils-2.0.3.jar;C:\Users\WTFLUISO\.m2\repository\org\springframework\boot\spring-boot-starter\3.4.4\spring-boot-starter-3.4.4.jar;C:\Users\WTFLUISO\.m2\repository\org\springframework\boot\spring-boot\3.4.4\spring-boot-3.4.4.jar;C:\Users\WTFLUISO\.m2\repository\org\springframework\boot\spring-boot-autoconfigure\3.4.4\spring-boot-autoconfigure-3.4.4.jar;C:\Users\WTFLUISO\.m2\repository\org\springframework\boot\spring-boot-starter-logging\3.4.4\spring-boot-starter-logging-3.4.4.jar;C:\Users\WTFLUISO\.m2\repository\ch\qos\logback\logback-classic\1.5.18\logback-classic-1.5.18.jar;C:\Users\WTFLUISO\.m2\repository\ch\qos\logback\logback-core\1.5.18\logback-core-1.5.18.jar;C:\Users\WTFLUISO\.m2\repository\org\apache\logging\log4j\log4j-to-slf4j\2.24.3\log4j-to-slf4j-2.24.3.jar;C:\Users\WTFLUISO\.m2\repository\org\apache\logging\log4j\log4j-api\2.24.3\log4j-api-2.24.3.jar;C:\Users\WTFLUISO\.m2\repository\org\slf4j\jul-to-slf4j\2.0.17\jul-to-slf4j-2.0.17.jar;C:\Users\WTFLUISO\.m2\repository\jakarta\annotation\jakarta.annotation-api\2.1.1\jakarta.annotation-api-2.1.1.jar;C:\Users\WTFLUISO\.m2\repository\org\springframework\spring-core\6.2.5\spring-core-6.2.5.jar;C:\Users\WTFLUISO\.m2\repository\org\springframework\spring-jcl\6.2.5\spring-jcl-6.2.5.jar;C:\Users\WTFLUISO\.m2\repository\org\yaml\snakeyaml\2.3\snakeyaml-2.3.jar;C:\Users\WTFLUISO\.m2\repository\org\springframework\boot\spring-boot-starter-test\3.4.4\spring-boot-starter-test-3.4.4.jar;C:\Users\WTFLUISO\.m2\repository\org\springframework\boot\spring-boot-test\3.4.4\spring-boot-test-3.4.4.jar;C:\Users\WTFLUISO\.m2\repository\org\springframework\boot\spring-boot-test-autoconfigure\3.4.4\spring-boot-test-autoconfigure-3.4.4.jar;C:\Users\WTFLUISO\.m2\repository\com\jayway\jsonpath\json-path\2.9.0\json-path-2.9.0.jar;C:\Users\WTFLUISO\.m2\repository\org\slf4j\slf4j-api\2.0.17\slf4j-api-2.0.17.jar;C:\Users\WTFLUISO\.m2\repository\jakarta\xml\bind\jakarta.xml.bind-api\4.0.2\jakarta.xml.bind-api-4.0.2.jar;C:\Users\WTFLUISO\.m2\repository\jakarta\activation\jakarta.activation-api\2.1.3\jakarta.activation-api-2.1.3.jar;C:\Users\WTFLUISO\.m2\repository\net\minidev\json-smart\2.5.2\json-smart-2.5.2.jar;C:\Users\WTFLUISO\.m2\repository\net\minidev\accessors-smart\2.5.2\accessors-smart-2.5.2.jar;C:\Users\WTFLUISO\.m2\repository\org\ow2\asm\asm\9.7.1\asm-9.7.1.jar;C:\Users\WTFLUISO\.m2\repository\org\assertj\assertj-core\3.26.3\assertj-core-3.26.3.jar;C:\Users\WTFLUISO\.m2\repository\net\bytebuddy\byte-buddy\1.15.11\byte-buddy-1.15.11.jar;C:\Users\WTFLUISO\.m2\repository\org\awaitility\awaitility\4.2.2\awaitility-4.2.2.jar;C:\Users\WTFLUISO\.m2\repository\org\hamcrest\hamcrest\2.2\hamcrest-2.2.jar;C:\Users\WTFLUISO\.m2\repository\org\junit\jupiter\junit-jupiter\5.11.4\junit-jupiter-5.11.4.jar;C:\Users\WTFLUISO\.m2\repository\org\junit\jupiter\junit-jupiter-api\5.11.4\junit-jupiter-api-5.11.4.jar;C:\Users\WTFLUISO\.m2\repository\org\opentest4j\opentest4j\1.3.0\opentest4j-1.3.0.jar;C:\Users\WTFLUISO\.m2\repository\org\junit\platform\junit-platform-commons\1.11.4\junit-platform-commons-1.11.4.jar;C:\Users\WTFLUISO\.m2\repository\org\apiguardian\apiguardian-api\1.1.2\apiguardian-api-1.1.2.jar;C:\Users\WTFLUISO\.m2\repository\org\junit\jupiter\junit-jupiter-params\5.11.4\junit-jupiter-params-5.11.4.jar;C:\Users\WTFLUISO\.m2\repository\org\junit\jupiter\junit-jupiter-engine\5.11.4\junit-jupiter-engine-5.11.4.jar;C:\Users\WTFLUISO\.m2\repository\org\junit\platform\junit-platform-engine\1.11.4\junit-platform-engine-1.11.4.jar;C:\Users\WTFLUISO\.m2\repository\org\mockito\mockito-core\5.14.2\mockito-core-5.14.2.jar;C:\Users\WTFLUISO\.m2\repository\net\bytebuddy\byte-buddy-agent\1.15.11\byte-buddy-agent-1.15.11.jar;C:\Users\WTFLUISO\.m2\repository\org\objenesis\objenesis\3.3\objenesis-3.3.jar;C:\Users\WTFLUISO\.m2\repository\org\mockito\mockito-junit-jupiter\5.14.2\mockito-junit-jupiter-5.14.2.jar;C:\Users\WTFLUISO\.m2\repository\org\skyscreamer\jsonassert\1.5.3\jsonassert-1.5.3.jar;C:\Users\WTFLUISO\.m2\repository\com\vaadin\external\google\android-json\0.0.20131108.vaadin1\android-json-0.0.20131108.vaadin1.jar;C:\Users\WTFLUISO\.m2\repository\org\springframework\spring-test\6.2.5\spring-test-6.2.5.jar;C:\Users\WTFLUISO\.m2\repository\org\xmlunit\xmlunit-core\2.10.0\xmlunit-core-2.10.0.jar;C:\Users\WTFLUISO\.m2\repository\org\springframework\boot\spring-boot-starter-data-jpa\3.4.4\spring-boot-starter-data-jpa-3.4.4.jar;C:\Users\WTFLUISO\.m2\repository\org\springframework\boot\spring-boot-starter-jdbc\3.4.4\spring-boot-starter-jdbc-3.4.4.jar;C:\Users\WTFLUISO\.m2\repository\com\zaxxer\HikariCP\5.1.0\HikariCP-5.1.0.jar;C:\Users\WTFLUISO\.m2\repository\org\springframework\spring-jdbc\6.2.5\spring-jdbc-6.2.5.jar;C:\Users\WTFLUISO\.m2\repository\org\hibernate\orm\hibernate-core\6.6.11.Final\hibernate-core-6.6.11.Final.jar;C:\Users\WTFLUISO\.m2\repository\jakarta\persistence\jakarta.persistence-api\3.1.0\jakarta.persistence-api-3.1.0.jar;C:\Users\WTFLUISO\.m2\repository\jakarta\transaction\jakarta.transaction-api\2.0.1\jakarta.transaction-api-2.0.1.jar;C:\Users\WTFLUISO\.m2\repository\org\jboss\logging\jboss-logging\3.6.1.Final\jboss-logging-3.6.1.Final.jar;C:\Users\WTFLUISO\.m2\repository\org\hibernate\common\hibernate-commons-annotations\7.0.3.Final\hibernate-commons-annotations-7.0.3.Final.jar;C:\Users\WTFLUISO\.m2\repository\io\smallrye\jandex\3.2.0\jandex-3.2.0.jar;C:\Users\WTFLUISO\.m2\repository\com\fasterxml\classmate\1.7.0\classmate-1.7.0.jar;C:\Users\WTFLUISO\.m2\repository\org\glassfish\jaxb\jaxb-runtime\4.0.5\jaxb-runtime-4.0.5.jar;C:\Users\WTFLUISO\.m2\repository\org\glassfish\jaxb\jaxb-core\4.0.5\jaxb-core-4.0.5.jar;C:\Users\WTFLUISO\.m2\repository\org\eclipse\angus\angus-activation\2.0.2\angus-activation-2.0.2.jar;C:\Users\WTFLUISO\.m2\repository\org\glassfish\jaxb\txw2\4.0.5\txw2-4.0.5.jar;C:\Users\WTFLUISO\.m2\repository\com\sun\istack\istack-commons-runtime\4.1.2\istack-commons-runtime-4.1.2.jar;C:\Users\WTFLUISO\.m2\repository\jakarta\inject\jakarta.inject-api\2.0.1\jakarta.inject-api-2.0.1.jar;C:\Users\WTFLUISO\.m2\repository\org\antlr\antlr4-runtime\4.13.0\antlr4-runtime-4.13.0.jar;C:\Users\WTFLUISO\.m2\repository\org\springframework\data\spring-data-jpa\3.4.4\spring-data-jpa-3.4.4.jar;C:\Users\WTFLUISO\.m2\repository\org\springframework\data\spring-data-commons\3.4.4\spring-data-commons-3.4.4.jar;C:\Users\WTFLUISO\.m2\repository\org\springframework\spring-orm\6.2.5\spring-orm-6.2.5.jar;C:\Users\WTFLUISO\.m2\repository\org\springframework\spring-tx\6.2.5\spring-tx-6.2.5.jar;C:\Users\WTFLUISO\.m2\repository\org\springframework\spring-aspects\6.2.5\spring-aspects-6.2.5.jar;C:\Users\WTFLUISO\.m2\repository\org\aspectj\aspectjweaver\1.9.23\aspectjweaver-1.9.23.jar;C:\Users\WTFLUISO\.m2\repository\org\springframework\boot\spring-boot-starter-validation\3.4.4\spring-boot-starter-validation-3.4.4.jar;C:\Users\WTFLUISO\.m2\repository\org\apache\tomcat\embed\tomcat-embed-el\10.1.39\tomcat-embed-el-10.1.39.jar;C:\Users\WTFLUISO\.m2\repository\org\hibernate\validator\hibernate-validator\8.0.2.Final\hibernate-validator-8.0.2.Final.jar;C:\Users\WTFLUISO\.m2\repository\jakarta\validation\jakarta.validation-api\3.0.2\jakarta.validation-api-3.0.2.jar;C:\Users\WTFLUISO\.m2\repository\org\springframework\boot\spring-boot-starter-web\3.4.4\spring-boot-starter-web-3.4.4.jar;C:\Users\WTFLUISO\.m2\repository\org\springframework\boot\spring-boot-starter-json\3.4.4\spring-boot-starter-json-3.4.4.jar;C:\Users\WTFLUISO\.m2\repository\com\fasterxml\jackson\datatype\jackson-datatype-jdk8\2.18.3\jackson-datatype-jdk8-2.18.3.jar;C:\Users\WTFLUISO\.m2\repository\com\fasterxml\jackson\module\jackson-module-parameter-names\2.18.3\jackson-module-parameter-names-2.18.3.jar;C:\Users\WTFLUISO\.m2\repository\org\springframework\boot\spring-boot-starter-tomcat\3.4.4\spring-boot-starter-tomcat-3.4.4.jar;C:\Users\WTFLUISO\.m2\repository\org\apache\tomcat\embed\tomcat-embed-core\10.1.39\tomcat-embed-core-10.1.39.jar;C:\Users\WTFLUISO\.m2\repository\org\apache\tomcat\embed\tomcat-embed-websocket\10.1.39\tomcat-embed-websocket-10.1.39.jar;C:\Users\WTFLUISO\.m2\repository\org\springframework\spring-web\6.2.5\spring-web-6.2.5.jar;C:\Users\WTFLUISO\.m2\repository\org\springframework\spring-webmvc\6.2.5\spring-webmvc-6.2.5.jar;C:\Users\WTFLUISO\.m2\repository\org\springframework\spring-expression\6.2.5\spring-expression-6.2.5.jar;C:\Users\WTFLUISO\.m2\repository\org\springframework\boot\spring-boot-devtools\3.4.4\spring-boot-devtools-3.4.4.jar;C:\Users\WTFLUISO\.m2\repository\com\mysql\mysql-connector-j\9.1.0\mysql-connector-j-9.1.0.jar;C:\Users\WTFLUISO\.m2\repository\org\springframework\security\spring-security-crypto\6.4.4\spring-security-crypto-6.4.4.jar;C:\Users\WTFLUISO\.m2\repository\org\springframework\security\spring-security-openid\5.8.16\spring-security-openid-5.8.16.jar;C:\Users\WTFLUISO\.m2\repository\org\springframework\security\spring-security-core\6.4.4\spring-security-core-6.4.4.jar;C:\Users\WTFLUISO\.m2\repository\org\springframework\security\spring-security-web\6.4.4\spring-security-web-6.4.4.jar;C:\Users\WTFLUISO\.m2\repository\com\google\inject\guice\3.0\guice-3.0.jar;C:\Users\WTFLUISO\.m2\repository\org\openid4java\openid4java-nodeps\0.9.6\openid4java-nodeps-0.9.6.jar;C:\Users\WTFLUISO\.m2\repository\net\jcip\jcip-annotations\1.0\jcip-annotations-1.0.jar;C:\Users\WTFLUISO\.m2\repository\org\springframework\spring-aop\6.2.5\spring-aop-6.2.5.jar;C:\Users\WTFLUISO\.m2\repository\org\springframework\spring-beans\6.2.5\spring-beans-6.2.5.jar;C:\Users\WTFLUISO\.m2\repository\org\springframework\spring-context\6.2.5\spring-context-6.2.5.jar;C:\Users\WTFLUISO\.m2\repository\net\sourceforge\nekohtml\nekohtml\1.9.22\nekohtml-1.9.22.jar;C:\Users\WTFLUISO\.m2\repository\xerces\xercesImpl\2.11.0\xercesImpl-2.11.0.jar;C:\Users\WTFLUISO\.m2\repository\xml-apis\xml-apis\1.4.01\xml-apis-1.4.01.jar;C:\Users\WTFLUISO\.m2\repository\org\apache\httpcomponents\httpclient\4.5.14\httpclient-4.5.14.jar;C:\Users\WTFLUISO\.m2\repository\org\apache\httpcomponents\httpcore\4.4.16\httpcore-4.4.16.jar;C:\Users\WTFLUISO\.m2\repository\commons-codec\commons-codec\1.17.2\commons-codec-1.17.2.jar;C:\Users\WTFLUISO\.m2\repository\org\springframework\security\spring-security-config\6.4.4\spring-security-config-6.4.4.jar;C:\Users\WTFLUISO\.m2\repository\org\springframework\boot\spring-boot-starter-security\3.4.4\spring-boot-starter-security-3.4.4.jar;C:\Users\WTFLUISO\.m2\repository\com\fasterxml\jackson\core\jackson-annotations\2.18.3\jackson-annotations-2.18.3.jar;C:\Users\WTFLUISO\.m2\repository\io\jsonwebtoken\jjwt-api\0.11.5\jjwt-api-0.11.5.jar;C:\Users\WTFLUISO\.m2\repository\io\jsonwebtoken\jjwt-impl\0.11.5\jjwt-impl-0.11.5.jar;C:\Users\WTFLUISO\.m2\repository\io\jsonwebtoken\jjwt-jackson\0.11.5\jjwt-jackson-0.11.5.jar;C:\Users\WTFLUISO\.m2\repository\com\fasterxml\jackson\core\jackson-databind\2.18.3\jackson-databind-2.18.3.jar;C:\Users\WTFLUISO\.m2\repository\com\fasterxml\jackson\core\jackson-core\2.18.3\jackson-core-2.18.3.jar;C:\Users\WTFLUISO\.m2\repository\javax\servlet\servlet-api\3.0-alpha-1\servlet-api-3.0-alpha-1.jar;"/>
    <property name="java.vm.vendor" value="Oracle Corporation"/>
    <property name="sun.arch.data.model" value="64"/>
    <property name="user.variant" value=""/>
    <property name="java.vendor.url" value="https://java.oracle.com/"/>
    <property name="user.timezone" value="America/Havana"/>
    <property name="org.jboss.logging.provider" value="slf4j"/>
    <property name="os.name" value="Windows 10"/>
    <property name="java.vm.specification.version" value="24"/>
    <property name="APPLICATION_NAME" value="concursoacm"/>
    <property name="sun.java.launcher" value="SUN_STANDARD"/>
    <property name="user.country" value="US"/>
    <property name="sun.boot.library.path" value="C:\Program Files\Java\jdk-24\bin"/>
    <property name="sun.java.command" value="C:\Users\WTFLUISO\AppData\Local\Temp\surefire16112128568539745284\surefirebooter-20250702013041008_3.jar C:\Users\WTFLUISO\AppData\Local\Temp\surefire16112128568539745284 2025-07-02T01-30-40_679-jvmRun1 surefire-20250702013041008_1tmp surefire_0-20250702013041008_2tmp"/>
    <property name="jdk.debug" value="release"/>
    <property name="surefire.test.class.path" value="E:\Luisi\Programación Universidad\api_concursoacm\target\test-classes;E:\Luisi\Programación Universidad\api_concursoacm\target\classes;C:\Users\WTFLUISO\.m2\repository\org\springframework\boot\spring-boot-starter-actuator\3.4.4\spring-boot-starter-actuator-3.4.4.jar;C:\Users\WTFLUISO\.m2\repository\org\springframework\boot\spring-boot-actuator-autoconfigure\3.4.4\spring-boot-actuator-autoconfigure-3.4.4.jar;C:\Users\WTFLUISO\.m2\repository\org\springframework\boot\spring-boot-actuator\3.4.4\spring-boot-actuator-3.4.4.jar;C:\Users\WTFLUISO\.m2\repository\com\fasterxml\jackson\datatype\jackson-datatype-jsr310\2.18.3\jackson-datatype-jsr310-2.18.3.jar;C:\Users\WTFLUISO\.m2\repository\io\micrometer\micrometer-observation\1.14.5\micrometer-observation-1.14.5.jar;C:\Users\WTFLUISO\.m2\repository\io\micrometer\micrometer-commons\1.14.5\micrometer-commons-1.14.5.jar;C:\Users\WTFLUISO\.m2\repository\io\micrometer\micrometer-jakarta9\1.14.5\micrometer-jakarta9-1.14.5.jar;C:\Users\WTFLUISO\.m2\repository\io\micrometer\micrometer-core\1.14.5\micrometer-core-1.14.5.jar;C:\Users\WTFLUISO\.m2\repository\org\hdrhistogram\HdrHistogram\2.2.2\HdrHistogram-2.2.2.jar;C:\Users\WTFLUISO\.m2\repository\org\latencyutils\LatencyUtils\2.0.3\LatencyUtils-2.0.3.jar;C:\Users\WTFLUISO\.m2\repository\org\springframework\boot\spring-boot-starter\3.4.4\spring-boot-starter-3.4.4.jar;C:\Users\WTFLUISO\.m2\repository\org\springframework\boot\spring-boot\3.4.4\spring-boot-3.4.4.jar;C:\Users\WTFLUISO\.m2\repository\org\springframework\boot\spring-boot-autoconfigure\3.4.4\spring-boot-autoconfigure-3.4.4.jar;C:\Users\WTFLUISO\.m2\repository\org\springframework\boot\spring-boot-starter-logging\3.4.4\spring-boot-starter-logging-3.4.4.jar;C:\Users\WTFLUISO\.m2\repository\ch\qos\logback\logback-classic\1.5.18\logback-classic-1.5.18.jar;C:\Users\WTFLUISO\.m2\repository\ch\qos\logback\logback-core\1.5.18\logback-core-1.5.18.jar;C:\Users\WTFLUISO\.m2\repository\org\apache\logging\log4j\log4j-to-slf4j\2.24.3\log4j-to-slf4j-2.24.3.jar;C:\Users\WTFLUISO\.m2\repository\org\apache\logging\log4j\log4j-api\2.24.3\log4j-api-2.24.3.jar;C:\Users\WTFLUISO\.m2\repository\org\slf4j\jul-to-slf4j\2.0.17\jul-to-slf4j-2.0.17.jar;C:\Users\WTFLUISO\.m2\repository\jakarta\annotation\jakarta.annotation-api\2.1.1\jakarta.annotation-api-2.1.1.jar;C:\Users\WTFLUISO\.m2\repository\org\springframework\spring-core\6.2.5\spring-core-6.2.5.jar;C:\Users\WTFLUISO\.m2\repository\org\springframework\spring-jcl\6.2.5\spring-jcl-6.2.5.jar;C:\Users\WTFLUISO\.m2\repository\org\yaml\snakeyaml\2.3\snakeyaml-2.3.jar;C:\Users\WTFLUISO\.m2\repository\org\springframework\boot\spring-boot-starter-test\3.4.4\spring-boot-starter-test-3.4.4.jar;C:\Users\WTFLUISO\.m2\repository\org\springframework\boot\spring-boot-test\3.4.4\spring-boot-test-3.4.4.jar;C:\Users\WTFLUISO\.m2\repository\org\springframework\boot\spring-boot-test-autoconfigure\3.4.4\spring-boot-test-autoconfigure-3.4.4.jar;C:\Users\WTFLUISO\.m2\repository\com\jayway\jsonpath\json-path\2.9.0\json-path-2.9.0.jar;C:\Users\WTFLUISO\.m2\repository\org\slf4j\slf4j-api\2.0.17\slf4j-api-2.0.17.jar;C:\Users\WTFLUISO\.m2\repository\jakarta\xml\bind\jakarta.xml.bind-api\4.0.2\jakarta.xml.bind-api-4.0.2.jar;C:\Users\WTFLUISO\.m2\repository\jakarta\activation\jakarta.activation-api\2.1.3\jakarta.activation-api-2.1.3.jar;C:\Users\WTFLUISO\.m2\repository\net\minidev\json-smart\2.5.2\json-smart-2.5.2.jar;C:\Users\WTFLUISO\.m2\repository\net\minidev\accessors-smart\2.5.2\accessors-smart-2.5.2.jar;C:\Users\WTFLUISO\.m2\repository\org\ow2\asm\asm\9.7.1\asm-9.7.1.jar;C:\Users\WTFLUISO\.m2\repository\org\assertj\assertj-core\3.26.3\assertj-core-3.26.3.jar;C:\Users\WTFLUISO\.m2\repository\net\bytebuddy\byte-buddy\1.15.11\byte-buddy-1.15.11.jar;C:\Users\WTFLUISO\.m2\repository\org\awaitility\awaitility\4.2.2\awaitility-4.2.2.jar;C:\Users\WTFLUISO\.m2\repository\org\hamcrest\hamcrest\2.2\hamcrest-2.2.jar;C:\Users\WTFLUISO\.m2\repository\org\junit\jupiter\junit-jupiter\5.11.4\junit-jupiter-5.11.4.jar;C:\Users\WTFLUISO\.m2\repository\org\junit\jupiter\junit-jupiter-api\5.11.4\junit-jupiter-api-5.11.4.jar;C:\Users\WTFLUISO\.m2\repository\org\opentest4j\opentest4j\1.3.0\opentest4j-1.3.0.jar;C:\Users\WTFLUISO\.m2\repository\org\junit\platform\junit-platform-commons\1.11.4\junit-platform-commons-1.11.4.jar;C:\Users\WTFLUISO\.m2\repository\org\apiguardian\apiguardian-api\1.1.2\apiguardian-api-1.1.2.jar;C:\Users\WTFLUISO\.m2\repository\org\junit\jupiter\junit-jupiter-params\5.11.4\junit-jupiter-params-5.11.4.jar;C:\Users\WTFLUISO\.m2\repository\org\junit\jupiter\junit-jupiter-engine\5.11.4\junit-jupiter-engine-5.11.4.jar;C:\Users\WTFLUISO\.m2\repository\org\junit\platform\junit-platform-engine\1.11.4\junit-platform-engine-1.11.4.jar;C:\Users\WTFLUISO\.m2\repository\org\mockito\mockito-core\5.14.2\mockito-core-5.14.2.jar;C:\Users\WTFLUISO\.m2\repository\net\bytebuddy\byte-buddy-agent\1.15.11\byte-buddy-agent-1.15.11.jar;C:\Users\WTFLUISO\.m2\repository\org\objenesis\objenesis\3.3\objenesis-3.3.jar;C:\Users\WTFLUISO\.m2\repository\org\mockito\mockito-junit-jupiter\5.14.2\mockito-junit-jupiter-5.14.2.jar;C:\Users\WTFLUISO\.m2\repository\org\skyscreamer\jsonassert\1.5.3\jsonassert-1.5.3.jar;C:\Users\WTFLUISO\.m2\repository\com\vaadin\external\google\android-json\0.0.20131108.vaadin1\android-json-0.0.20131108.vaadin1.jar;C:\Users\WTFLUISO\.m2\repository\org\springframework\spring-test\6.2.5\spring-test-6.2.5.jar;C:\Users\WTFLUISO\.m2\repository\org\xmlunit\xmlunit-core\2.10.0\xmlunit-core-2.10.0.jar;C:\Users\WTFLUISO\.m2\repository\org\springframework\boot\spring-boot-starter-data-jpa\3.4.4\spring-boot-starter-data-jpa-3.4.4.jar;C:\Users\WTFLUISO\.m2\repository\org\springframework\boot\spring-boot-starter-jdbc\3.4.4\spring-boot-starter-jdbc-3.4.4.jar;C:\Users\WTFLUISO\.m2\repository\com\zaxxer\HikariCP\5.1.0\HikariCP-5.1.0.jar;C:\Users\WTFLUISO\.m2\repository\org\springframework\spring-jdbc\6.2.5\spring-jdbc-6.2.5.jar;C:\Users\WTFLUISO\.m2\repository\org\hibernate\orm\hibernate-core\6.6.11.Final\hibernate-core-6.6.11.Final.jar;C:\Users\WTFLUISO\.m2\repository\jakarta\persistence\jakarta.persistence-api\3.1.0\jakarta.persistence-api-3.1.0.jar;C:\Users\WTFLUISO\.m2\repository\jakarta\transaction\jakarta.transaction-api\2.0.1\jakarta.transaction-api-2.0.1.jar;C:\Users\WTFLUISO\.m2\repository\org\jboss\logging\jboss-logging\3.6.1.Final\jboss-logging-3.6.1.Final.jar;C:\Users\WTFLUISO\.m2\repository\org\hibernate\common\hibernate-commons-annotations\7.0.3.Final\hibernate-commons-annotations-7.0.3.Final.jar;C:\Users\WTFLUISO\.m2\repository\io\smallrye\jandex\3.2.0\jandex-3.2.0.jar;C:\Users\WTFLUISO\.m2\repository\com\fasterxml\classmate\1.7.0\classmate-1.7.0.jar;C:\Users\WTFLUISO\.m2\repository\org\glassfish\jaxb\jaxb-runtime\4.0.5\jaxb-runtime-4.0.5.jar;C:\Users\WTFLUISO\.m2\repository\org\glassfish\jaxb\jaxb-core\4.0.5\jaxb-core-4.0.5.jar;C:\Users\WTFLUISO\.m2\repository\org\eclipse\angus\angus-activation\2.0.2\angus-activation-2.0.2.jar;C:\Users\WTFLUISO\.m2\repository\org\glassfish\jaxb\txw2\4.0.5\txw2-4.0.5.jar;C:\Users\WTFLUISO\.m2\repository\com\sun\istack\istack-commons-runtime\4.1.2\istack-commons-runtime-4.1.2.jar;C:\Users\WTFLUISO\.m2\repository\jakarta\inject\jakarta.inject-api\2.0.1\jakarta.inject-api-2.0.1.jar;C:\Users\WTFLUISO\.m2\repository\org\antlr\antlr4-runtime\4.13.0\antlr4-runtime-4.13.0.jar;C:\Users\WTFLUISO\.m2\repository\org\springframework\data\spring-data-jpa\3.4.4\spring-data-jpa-3.4.4.jar;C:\Users\WTFLUISO\.m2\repository\org\springframework\data\spring-data-commons\3.4.4\spring-data-commons-3.4.4.jar;C:\Users\WTFLUISO\.m2\repository\org\springframework\spring-orm\6.2.5\spring-orm-6.2.5.jar;C:\Users\WTFLUISO\.m2\repository\org\springframework\spring-tx\6.2.5\spring-tx-6.2.5.jar;C:\Users\WTFLUISO\.m2\repository\org\springframework\spring-aspects\6.2.5\spring-aspects-6.2.5.jar;C:\Users\WTFLUISO\.m2\repository\org\aspectj\aspectjweaver\1.9.23\aspectjweaver-1.9.23.jar;C:\Users\WTFLUISO\.m2\repository\org\springframework\boot\spring-boot-starter-validation\3.4.4\spring-boot-starter-validation-3.4.4.jar;C:\Users\WTFLUISO\.m2\repository\org\apache\tomcat\embed\tomcat-embed-el\10.1.39\tomcat-embed-el-10.1.39.jar;C:\Users\WTFLUISO\.m2\repository\org\hibernate\validator\hibernate-validator\8.0.2.Final\hibernate-validator-8.0.2.Final.jar;C:\Users\WTFLUISO\.m2\repository\jakarta\validation\jakarta.validation-api\3.0.2\jakarta.validation-api-3.0.2.jar;C:\Users\WTFLUISO\.m2\repository\org\springframework\boot\spring-boot-starter-web\3.4.4\spring-boot-starter-web-3.4.4.jar;C:\Users\WTFLUISO\.m2\repository\org\springframework\boot\spring-boot-starter-json\3.4.4\spring-boot-starter-json-3.4.4.jar;C:\Users\WTFLUISO\.m2\repository\com\fasterxml\jackson\datatype\jackson-datatype-jdk8\2.18.3\jackson-datatype-jdk8-2.18.3.jar;C:\Users\WTFLUISO\.m2\repository\com\fasterxml\jackson\module\jackson-module-parameter-names\2.18.3\jackson-module-parameter-names-2.18.3.jar;C:\Users\WTFLUISO\.m2\repository\org\springframework\boot\spring-boot-starter-tomcat\3.4.4\spring-boot-starter-tomcat-3.4.4.jar;C:\Users\WTFLUISO\.m2\repository\org\apache\tomcat\embed\tomcat-embed-core\10.1.39\tomcat-embed-core-10.1.39.jar;C:\Users\WTFLUISO\.m2\repository\org\apache\tomcat\embed\tomcat-embed-websocket\10.1.39\tomcat-embed-websocket-10.1.39.jar;C:\Users\WTFLUISO\.m2\repository\org\springframework\spring-web\6.2.5\spring-web-6.2.5.jar;C:\Users\WTFLUISO\.m2\repository\org\springframework\spring-webmvc\6.2.5\spring-webmvc-6.2.5.jar;C:\Users\WTFLUISO\.m2\repository\org\springframework\spring-expression\6.2.5\spring-expression-6.2.5.jar;C:\Users\WTFLUISO\.m2\repository\org\springframework\boot\spring-boot-devtools\3.4.4\spring-boot-devtools-3.4.4.jar;C:\Users\WTFLUISO\.m2\repository\com\mysql\mysql-connector-j\9.1.0\mysql-connector-j-9.1.0.jar;C:\Users\WTFLUISO\.m2\repository\org\springframework\security\spring-security-crypto\6.4.4\spring-security-crypto-6.4.4.jar;C:\Users\WTFLUISO\.m2\repository\org\springframework\security\spring-security-openid\5.8.16\spring-security-openid-5.8.16.jar;C:\Users\WTFLUISO\.m2\repository\org\springframework\security\spring-security-core\6.4.4\spring-security-core-6.4.4.jar;C:\Users\WTFLUISO\.m2\repository\org\springframework\security\spring-security-web\6.4.4\spring-security-web-6.4.4.jar;C:\Users\WTFLUISO\.m2\repository\com\google\inject\guice\3.0\guice-3.0.jar;C:\Users\WTFLUISO\.m2\repository\org\openid4java\openid4java-nodeps\0.9.6\openid4java-nodeps-0.9.6.jar;C:\Users\WTFLUISO\.m2\repository\net\jcip\jcip-annotations\1.0\jcip-annotations-1.0.jar;C:\Users\WTFLUISO\.m2\repository\org\springframework\spring-aop\6.2.5\spring-aop-6.2.5.jar;C:\Users\WTFLUISO\.m2\repository\org\springframework\spring-beans\6.2.5\spring-beans-6.2.5.jar;C:\Users\WTFLUISO\.m2\repository\org\springframework\spring-context\6.2.5\spring-context-6.2.5.jar;C:\Users\WTFLUISO\.m2\repository\net\sourceforge\nekohtml\nekohtml\1.9.22\nekohtml-1.9.22.jar;C:\Users\WTFLUISO\.m2\repository\xerces\xercesImpl\2.11.0\xercesImpl-2.11.0.jar;C:\Users\WTFLUISO\.m2\repository\xml-apis\xml-apis\1.4.01\xml-apis-1.4.01.jar;C:\Users\WTFLUISO\.m2\repository\org\apache\httpcomponents\httpclient\4.5.14\httpclient-4.5.14.jar;C:\Users\WTFLUISO\.m2\repository\org\apache\httpcomponents\httpcore\4.4.16\httpcore-4.4.16.jar;C:\Users\WTFLUISO\.m2\repository\commons-codec\commons-codec\1.17.2\commons-codec-1.17.2.jar;C:\Users\WTFLUISO\.m2\repository\org\springframework\security\spring-security-config\6.4.4\spring-security-config-6.4.4.jar;C:\Users\WTFLUISO\.m2\repository\org\springframework\boot\spring-boot-starter-security\3.4.4\spring-boot-starter-security-3.4.4.jar;C:\Users\WTFLUISO\.m2\repository\com\fasterxml\jackson\core\jackson-annotations\2.18.3\jackson-annotations-2.18.3.jar;C:\Users\WTFLUISO\.m2\repository\io\jsonwebtoken\jjwt-api\0.11.5\jjwt-api-0.11.5.jar;C:\Users\WTFLUISO\.m2\repository\io\jsonwebtoken\jjwt-impl\0.11.5\jjwt-impl-0.11.5.jar;C:\Users\WTFLUISO\.m2\repository\io\jsonwebtoken\jjwt-jackson\0.11.5\jjwt-jackson-0.11.5.jar;C:\Users\WTFLUISO\.m2\repository\com\fasterxml\jackson\core\jackson-databind\2.18.3\jackson-databind-2.18.3.jar;C:\Users\WTFLUISO\.m2\repository\com\fasterxml\jackson\core\jackson-core\2.18.3\jackson-core-2.18.3.jar;C:\Users\WTFLUISO\.m2\repository\javax\servlet\servlet-api\3.0-alpha-1\servlet-api-3.0-alpha-1.jar;"/>
    <property name="sun.cpu.endian" value="little"/>
    <property name="user.home" value="C:\Users\WTFLUISO"/>
    <property name="user.language" value="es"/>
    <property name="java.specification.vendor" value="Oracle Corporation"/>
    <property name="java.version.date" value="2025-03-18"/>
    <property name="java.home" value="C:\Program Files\Java\jdk-24"/>
    <property name="file.separator" value="\"/>
    <property name="basedir" value="E:\Luisi\Programación Universidad\api_concursoacm"/>
    <property name="java.vm.compressedOopsMode" value="32-bit"/>
    <property name="line.separator" value="&#10;"/>
    <property name="java.vm.specification.vendor" value="Oracle Corporation"/>
    <property name="java.specification.name" value="Java Platform API Specification"/>
    <property name="FILE_LOG_CHARSET" value="UTF-8"/>
    <property name="java.awt.headless" value="true"/>
    <property name="surefire.real.class.path" value="C:\Users\WTFLUISO\AppData\Local\Temp\surefire16112128568539745284\surefirebooter-20250702013041008_3.jar"/>
    <property name="user.script" value=""/>
    <property name="sun.management.compiler" value="HotSpot 64-Bit Tiered Compilers"/>
    <property name="java.runtime.version" value="24+36-3646"/>
    <property name="user.name" value="WTFLUISO"/>
    <property name="stdout.encoding" value="Cp1252"/>
    <property name="path.separator" value=";"/>
    <property name="os.version" value="10.0"/>
    <property name="java.runtime.name" value="Java(TM) SE Runtime Environment"/>
    <property name="file.encoding" value="UTF-8"/>
    <property name="java.vm.name" value="Java HotSpot(TM) 64-Bit Server VM"/>
    <property name="localRepository" value="C:\Users\WTFLUISO\.m2\repository"/>
    <property name="java.vendor.url.bug" value="https://bugreport.java.com/bugreport/"/>
    <property name="java.io.tmpdir" value="C:\Users\WTFLUISO\AppData\Local\Temp\"/>
    <property name="com.zaxxer.hikari.pool_number" value="1"/>
    <property name="java.version" value="24"/>
    <property name="user.dir" value="E:\Luisi\Programación Universidad\api_concursoacm"/>
    <property name="os.arch" value="amd64"/>
    <property name="java.vm.specification.name" value="Java Virtual Machine Specification"/>
    <property name="PID" value="948"/>
    <property name="sun.os.patch.level" value=""/>
    <property name="CONSOLE_LOG_CHARSET" value="UTF-8"/>
    <property name="native.encoding" value="Cp1252"/>
    <property name="java.library.path" value="C:\Program Files\Java\jdk-24\bin;C:\Windows\Sun\Java\bin;C:\Windows\system32;C:\Windows;C:\Users\WTFLUISO\bin;C:\Program Files\Git\mingw64\bin;C:\Program Files\Git\usr\local\bin;C:\Program Files\Git\usr\bin;C:\Program Files\Git\usr\bin;C:\Program Files\Git\mingw64\bin;C:\Program Files\Git\usr\bin;C:\Users\WTFLUISO\bin;C:\Program Files\Common Files\Oracle\Java\javapath;C:\Program Files (x86)\Common Files\Oracle\Java\java8path;C:\Program Files (x86)\Common Files\Oracle\Java\javapath;C:\Windows\system32;C:\Windows;C:\Windows\System32\Wbem;C:\Windows\System32\WindowsPowerShell\v1.0;C:\Windows\System32\OpenSSH;C:\Program Files (x86)\Java\apache-maven-3.9.9\bin;C:\Program Files\Git\cmd;C:\Users\WTFLUISO\AppData\Local\Programs\Python\Python313;C:\Users\WTFLUISO\AppData\Local\Programs\Python\Python313\Scripts;C:\Users\WTFLUISO\AppData\Local\Programs\Python\Python313;C:\Users\WTFLUISO\AppData\Local\Programs\Python\Launcher;C:\Users\WTFLUISO\AppData\Local\Microsoft\WindowsApps;C:\Users\WTFLUISO\AppData\Local\Programs\Microsoft VS Code\bin;C:\Users\WTFLUISO\AppData\Local\GitHubDesktop\bin;C:\Users\WTFLUISO\AppData\Roaming\Code\User\globalStorage\github.copilot-chat\debugCommand;C:\Program Files\Git\usr\bin\vendor_perl;C:\Program Files\Git\usr\bin\core_perl;."/>
    <property name="java.vm.info" value="mixed mode, sharing"/>
    <property name="stderr.encoding" value="Cp1252"/>
    <property name="java.vendor" value="Oracle Corporation"/>
    <property name="java.vm.version" value="24+36-3646"/>
    <property name="sun.io.unicode.encoding" value="UnicodeLittle"/>
    <property name="java.class.version" value="68.0"/>
    <property name="LOGGED_APPLICATION_NAME" value="[concursoacm] "/>
  </properties>
  <testcase name="contextLoads" classname="com.concursoacm.ConcursoacmApplicationTests" time="1.806">
    <system-out><![CDATA[01:30:43.670 [main] INFO org.springframework.test.context.support.AnnotationConfigContextLoaderUtils -- Could not detect default configuration classes for test class [com.concursoacm.ConcursoacmApplicationTests]: ConcursoacmApplicationTests does not declare any static, non-private, non-final, nested classes annotated with @Configuration.
01:30:43.988 [main] INFO org.springframework.boot.test.context.SpringBootTestContextBootstrapper -- Found @SpringBootConfiguration com.concursoacm.ConcursoacmApplication for test class com.concursoacm.ConcursoacmApplicationTests
01:30:44.474 [main] INFO org.springframework.boot.devtools.restart.RestartApplicationListener -- Restart disabled due to context in which it is running

  .   ____          _            __ _ _
 /\\ / ___'_ __ _ _(_)_ __  __ _ \ \ \ \
( ( )\___ | '_ | '_| | '_ \/ _` | \ \ \ \
 \\/  ___)| |_)| | | | | || (_| |  ) ) ) )
  '  |____| .__|_| |_|_| |_\__, | / / / /
 =========|_|==============|___/=/_/_/_/

 :: Spring Boot ::                (v3.4.4)

2025-07-02T01:30:45.687-04:00  INFO 948 --- [concursoacm] [           main] c.c.ConcursoacmApplicationTests          : Starting ConcursoacmApplicationTests using Java 24 with PID 948 (started by WTFLUISO in E:\Luisi\Programación Universidad\api_concursoacm)
2025-07-02T01:30:45.691-04:00  INFO 948 --- [concursoacm] [           main] c.c.ConcursoacmApplicationTests          : No active profile set, falling back to 1 default profile: "default"
2025-07-02T01:30:49.584-04:00  INFO 948 --- [concursoacm] [           main] .s.d.r.c.RepositoryConfigurationDelegate : Bootstrapping Spring Data JPA repositories in DEFAULT mode.
2025-07-02T01:30:49.914-04:00  INFO 948 --- [concursoacm] [           main] .s.d.r.c.RepositoryConfigurationDelegate : Finished Spring Data repository scanning in 303 ms. Found 10 JPA repository interfaces.
2025-07-02T01:30:51.903-04:00  INFO 948 --- [concursoacm] [           main] o.hibernate.jpa.internal.util.LogHelper  : HHH000204: Processing PersistenceUnitInfo [name: default]
2025-07-02T01:30:52.088-04:00  INFO 948 --- [concursoacm] [           main] org.hibernate.Version                    : HHH000412: Hibernate ORM core version 6.6.11.Final
2025-07-02T01:30:52.235-04:00  INFO 948 --- [concursoacm] [           main] o.h.c.internal.RegionFactoryInitiator    : HHH000026: Second-level cache disabled
2025-07-02T01:30:53.453-04:00  INFO 948 --- [concursoacm] [           main] o.s.o.j.p.SpringPersistenceUnitInfo      : No LoadTimeWeaver setup: ignoring JPA class transformer
2025-07-02T01:30:53.607-04:00  INFO 948 --- [concursoacm] [           main] com.zaxxer.hikari.HikariDataSource       : HikariPool-1 - Starting...
2025-07-02T01:30:57.019-04:00  INFO 948 --- [concursoacm] [           main] com.zaxxer.hikari.pool.HikariPool        : HikariPool-1 - Added connection com.mysql.cj.jdbc.ConnectionImpl@6071631f
2025-07-02T01:30:57.027-04:00  INFO 948 --- [concursoacm] [           main] com.zaxxer.hikari.HikariDataSource       : HikariPool-1 - Start completed.
2025-07-02T01:30:57.411-04:00  WARN 948 --- [concursoacm] [           main] org.hibernate.orm.deprecation            : HHH90000025: MySQL8Dialect does not need to be specified explicitly using 'hibernate.dialect' (remove the property setting and it will be selected by default)
2025-07-02T01:30:57.414-04:00  WARN 948 --- [concursoacm] [           main] org.hibernate.orm.deprecation            : HHH90000026: MySQL8Dialect has been deprecated; use org.hibernate.dialect.MySQLDialect instead
2025-07-02T01:30:57.511-04:00  INFO 948 --- [concursoacm] [           main] org.hibernate.orm.connections.pooling    : HHH10001005: Database info:
	Database JDBC URL [Connecting through datasource 'HikariDataSource (HikariPool-1)']
	Database driver: undefined/unknown
	Database version: 8.0
	Autocommit mode: undefined/unknown
	Isolation level: undefined/unknown
	Minimum pool size: undefined/unknown
	Maximum pool size: undefined/unknown
2025-07-02T01:30:59.995-04:00  INFO 948 --- [concursoacm] [           main] o.h.e.t.j.p.i.JtaPlatformInitiator       : HHH000489: No JTA platform available (set 'hibernate.transaction.jta.platform' to enable JTA platform integration)
2025-07-02T01:31:00.959-04:00 DEBUG 948 --- [concursoacm] [           main] org.hibernate.SQL                        : create table equipos (id_equipo integer not null auto_increment, nombre_equipo varchar(255) not null, id_equipo_categoria integer not null, id_pais integer not null, primary key (id_equipo)) engine=InnoDB
Hibernate: create table equipos (id_equipo integer not null auto_increment, nombre_equipo varchar(255) not null, id_equipo_categoria integer not null, id_pais integer not null, primary key (id_equipo)) engine=InnoDB
2025-07-02T01:31:01.389-04:00 DEBUG 948 --- [concursoacm] [           main] org.hibernate.SQL                        : create table equipos_categorias (id_equipo_categoria integer not null auto_increment, nombre_categoria varchar(255) not null, primary key (id_equipo_categoria)) engine=InnoDB
Hibernate: create table equipos_categorias (id_equipo_categoria integer not null auto_increment, nombre_categoria varchar(255) not null, primary key (id_equipo_categoria)) engine=InnoDB
2025-07-02T01:31:01.764-04:00 DEBUG 948 --- [concursoacm] [           main] org.hibernate.SQL                        : create table equipos_preguntas (id_equipo_pregunta integer not null auto_increment, id_equipo integer not null, id_pregunta integer not null, primary key (id_equipo_pregunta)) engine=InnoDB
Hibernate: create table equipos_preguntas (id_equipo_pregunta integer not null auto_increment, id_equipo integer not null, id_pregunta integer not null, primary key (id_equipo_pregunta)) engine=InnoDB
2025-07-02T01:31:02.423-04:00 DEBUG 948 --- [concursoacm] [           main] org.hibernate.SQL                        : create table jefes_delegacion (id_jefe integer not null auto_increment, contraseña varchar(255) not null, usuario_normalizado varchar(255) not null, id_participante integer not null, primary key (id_jefe)) engine=InnoDB
Hibernate: create table jefes_delegacion (id_jefe integer not null auto_increment, contraseña varchar(255) not null, usuario_normalizado varchar(255) not null, id_participante integer not null, primary key (id_jefe)) engine=InnoDB
2025-07-02T01:31:02.816-04:00 DEBUG 948 --- [concursoacm] [           main] org.hibernate.SQL                        : create table paises (id_pais integer not null auto_increment, codigo_telefonico varchar(255) not null, nombre_pais varchar(255) not null, id_region integer not null, primary key (id_pais)) engine=InnoDB
Hibernate: create table paises (id_pais integer not null auto_increment, codigo_telefonico varchar(255) not null, nombre_pais varchar(255) not null, id_region integer not null, primary key (id_pais)) engine=InnoDB
2025-07-02T01:31:03.251-04:00 DEBUG 948 --- [concursoacm] [           main] org.hibernate.SQL                        : create table participantes (id_participante integer not null auto_increment, edad integer not null, nombre varchar(255) not null, num_carnet varchar(255) not null, sexo varchar(255) not null, id_equipo integer, id_pais integer not null, primary key (id_participante)) engine=InnoDB
Hibernate: create table participantes (id_participante integer not null auto_increment, edad integer not null, nombre varchar(255) not null, num_carnet varchar(255) not null, sexo varchar(255) not null, id_equipo integer, id_pais integer not null, primary key (id_participante)) engine=InnoDB
2025-07-02T01:31:03.721-04:00 DEBUG 948 --- [concursoacm] [           main] org.hibernate.SQL                        : create table preguntas (id_pregunta integer not null auto_increment, puntuacion_maxima integer not null, texto varchar(255) not null, usada bit not null, id_clase integer not null, primary key (id_pregunta)) engine=InnoDB
Hibernate: create table preguntas (id_pregunta integer not null auto_increment, puntuacion_maxima integer not null, texto varchar(255) not null, usada bit not null, id_clase integer not null, primary key (id_pregunta)) engine=InnoDB
2025-07-02T01:31:04.097-04:00 DEBUG 948 --- [concursoacm] [           main] org.hibernate.SQL                        : create table preguntas_clases (id_clase integer not null auto_increment, nombre_clase varchar(255) not null, primary key (id_clase)) engine=InnoDB
Hibernate: create table preguntas_clases (id_clase integer not null auto_increment, nombre_clase varchar(255) not null, primary key (id_clase)) engine=InnoDB
2025-07-02T01:31:04.595-04:00 DEBUG 948 --- [concursoacm] [           main] org.hibernate.SQL                        : create table regiones (id_region integer not null auto_increment, nombre_region varchar(255) not null, primary key (id_region)) engine=InnoDB
Hibernate: create table regiones (id_region integer not null auto_increment, nombre_region varchar(255) not null, primary key (id_region)) engine=InnoDB
2025-07-02T01:31:04.978-04:00 DEBUG 948 --- [concursoacm] [           main] org.hibernate.SQL                        : create table respuestas (id_respuesta integer not null auto_increment, puntuacion_obtenida integer not null, respuesta_participante varchar(255) not null, id_participante integer not null, id_pregunta integer not null, primary key (id_respuesta)) engine=InnoDB
Hibernate: create table respuestas (id_respuesta integer not null auto_increment, puntuacion_obtenida integer not null, respuesta_participante varchar(255) not null, id_participante integer not null, id_pregunta integer not null, primary key (id_respuesta)) engine=InnoDB
2025-07-02T01:31:05.392-04:00 DEBUG 948 --- [concursoacm] [           main] org.hibernate.SQL                        : alter table jefes_delegacion drop index UKorilk1j4bc6qab75wj8mvcqsw
Hibernate: alter table jefes_delegacion drop index UKorilk1j4bc6qab75wj8mvcqsw
2025-07-02T01:31:06.629-04:00 DEBUG 948 --- [concursoacm] [           main] org.hibernate.SQL                        : alter table jefes_delegacion add constraint UKorilk1j4bc6qab75wj8mvcqsw unique (usuario_normalizado)
Hibernate: alter table jefes_delegacion add constraint UKorilk1j4bc6qab75wj8mvcqsw unique (usuario_normalizado)
2025-07-02T01:31:07.032-04:00 DEBUG 948 --- [concursoacm] [           main] org.hibernate.SQL                        : alter table jefes_delegacion drop index UK82o0ixphi9ry0j0ro44ravu6r
Hibernate: alter table jefes_delegacion drop index UK82o0ixphi9ry0j0ro44ravu6r
2025-07-02T01:31:07.490-04:00 DEBUG 948 --- [concursoacm] [           main] org.hibernate.SQL                        : alter table jefes_delegacion add constraint UK82o0ixphi9ry0j0ro44ravu6r unique (id_participante)
Hibernate: alter table jefes_delegacion add constraint UK82o0ixphi9ry0j0ro44ravu6r unique (id_participante)
2025-07-02T01:31:07.876-04:00 DEBUG 948 --- [concursoacm] [           main] org.hibernate.SQL                        : alter table preguntas_clases drop index UK6h2il3k1xmvqfhf7qf1qugm0h
Hibernate: alter table preguntas_clases drop index UK6h2il3k1xmvqfhf7qf1qugm0h
2025-07-02T01:31:08.216-04:00 DEBUG 948 --- [concursoacm] [           main] org.hibernate.SQL                        : alter table preguntas_clases add constraint UK6h2il3k1xmvqfhf7qf1qugm0h unique (nombre_clase)
Hibernate: alter table preguntas_clases add constraint UK6h2il3k1xmvqfhf7qf1qugm0h unique (nombre_clase)
2025-07-02T01:31:08.572-04:00 DEBUG 948 --- [concursoacm] [           main] org.hibernate.SQL                        : alter table equipos add constraint FK96sfdpk4uhwhd9u0th88c66gg foreign key (id_equipo_categoria) references equipos_categorias (id_equipo_categoria)
Hibernate: alter table equipos add constraint FK96sfdpk4uhwhd9u0th88c66gg foreign key (id_equipo_categoria) references equipos_categorias (id_equipo_categoria)
2025-07-02T01:31:09.043-04:00 DEBUG 948 --- [concursoacm] [           main] org.hibernate.SQL                        : alter table equipos add constraint FK186j6yn0l5dhlpo0qxockrqj foreign key (id_pais) references paises (id_pais)
Hibernate: alter table equipos add constraint FK186j6yn0l5dhlpo0qxockrqj foreign key (id_pais) references paises (id_pais)
2025-07-02T01:31:09.599-04:00 DEBUG 948 --- [concursoacm] [           main] org.hibernate.SQL                        : alter table equipos_preguntas add constraint FKrtkwyu169t50a25p7khg0rx4n foreign key (id_equipo) references equipos (id_equipo)
Hibernate: alter table equipos_preguntas add constraint FKrtkwyu169t50a25p7khg0rx4n foreign key (id_equipo) references equipos (id_equipo)
2025-07-02T01:31:10.113-04:00 DEBUG 948 --- [concursoacm] [           main] org.hibernate.SQL                        : alter table equipos_preguntas add constraint FKongd26thng71ic0w7uuf0yygk foreign key (id_pregunta) references preguntas (id_pregunta)
Hibernate: alter table equipos_preguntas add constraint FKongd26thng71ic0w7uuf0yygk foreign key (id_pregunta) references preguntas (id_pregunta)
2025-07-02T01:31:10.726-04:00 DEBUG 948 --- [concursoacm] [           main] org.hibernate.SQL                        : alter table jefes_delegacion add constraint FKeisro4n71abis8f5kyhbbcphh foreign key (id_participante) references participantes (id_participante)
Hibernate: alter table jefes_delegacion add constraint FKeisro4n71abis8f5kyhbbcphh foreign key (id_participante) references participantes (id_participante)
2025-07-02T01:31:11.236-04:00 DEBUG 948 --- [concursoacm] [           main] org.hibernate.SQL                        : alter table paises add constraint FKroibf39ciawnm4j972ydaayxd foreign key (id_region) references regiones (id_region)
Hibernate: alter table paises add constraint FKroibf39ciawnm4j972ydaayxd foreign key (id_region) references regiones (id_region)
2025-07-02T01:31:11.748-04:00 DEBUG 948 --- [concursoacm] [           main] org.hibernate.SQL                        : alter table participantes add constraint FKp6avm0wwkejyfkk6qlycyebei foreign key (id_equipo) references equipos (id_equipo)
Hibernate: alter table participantes add constraint FKp6avm0wwkejyfkk6qlycyebei foreign key (id_equipo) references equipos (id_equipo)
2025-07-02T01:31:12.223-04:00 DEBUG 948 --- [concursoacm] [           main] org.hibernate.SQL                        : alter table participantes add constraint FKsr76fk160tswgfn4mrx9vx28v foreign key (id_pais) references paises (id_pais)
Hibernate: alter table participantes add constraint FKsr76fk160tswgfn4mrx9vx28v foreign key (id_pais) references paises (id_pais)
2025-07-02T01:31:12.803-04:00 DEBUG 948 --- [concursoacm] [           main] org.hibernate.SQL                        : alter table preguntas add constraint FKgfvp27n18w0hin8l6xj024u4g foreign key (id_clase) references preguntas_clases (id_clase)
Hibernate: alter table preguntas add constraint FKgfvp27n18w0hin8l6xj024u4g foreign key (id_clase) references preguntas_clases (id_clase)
2025-07-02T01:31:13.326-04:00 DEBUG 948 --- [concursoacm] [           main] org.hibernate.SQL                        : alter table respuestas add constraint FKee0iexi1e4tddlpep7lbgqthg foreign key (id_participante) references participantes (id_participante)
Hibernate: alter table respuestas add constraint FKee0iexi1e4tddlpep7lbgqthg foreign key (id_participante) references participantes (id_participante)
2025-07-02T01:31:13.842-04:00 DEBUG 948 --- [concursoacm] [           main] org.hibernate.SQL                        : alter table respuestas add constraint FKhpdeptdk3p3fu5l3i57h9bhn7 foreign key (id_pregunta) references preguntas (id_pregunta)
Hibernate: alter table respuestas add constraint FKhpdeptdk3p3fu5l3i57h9bhn7 foreign key (id_pregunta) references preguntas (id_pregunta)
2025-07-02T01:31:14.331-04:00  INFO 948 --- [concursoacm] [           main] j.LocalContainerEntityManagerFactoryBean : Initialized JPA EntityManagerFactory for persistence unit 'default'
2025-07-02T01:31:15.793-04:00  INFO 948 --- [concursoacm] [           main] o.s.d.j.r.query.QueryEnhancerFactory     : Hibernate is in classpath; If applicable, HQL parser will be used.
2025-07-02T01:31:21.537-04:00  WARN 948 --- [concursoacm] [           main] JpaBaseConfiguration$JpaWebConfiguration : spring.jpa.open-in-view is enabled by default. Therefore, database queries may be performed during view rendering. Explicitly configure spring.jpa.open-in-view to disable this warning
2025-07-02T01:31:21.908-04:00  INFO 948 --- [concursoacm] [           main] r$InitializeUserDetailsManagerConfigurer : Global AuthenticationManager configured with UserDetailsService bean with name customUserDetailsService
2025-07-02T01:31:24.597-04:00  INFO 948 --- [concursoacm] [           main] o.s.b.a.e.web.EndpointLinksResolver      : Exposing 1 endpoint beneath base path '/actuator'
2025-07-02T01:31:25.206-04:00 DEBUG 948 --- [concursoacm] [           main] o.s.s.web.DefaultSecurityFilterChain     : Will secure any request with filters: DisableEncodeUrlFilter, WebAsyncManagerIntegrationFilter, SecurityContextHolderFilter, HeaderWriterFilter, CorsFilter, LogoutFilter, BasicAuthenticationFilter, RequestCacheAwareFilter, SecurityContextHolderAwareRequestFilter, AnonymousAuthenticationFilter, ExceptionTranslationFilter, AuthorizationFilter
2025-07-02T01:31:28.420-04:00  INFO 948 --- [concursoacm] [           main] c.c.ConcursoacmApplicationTests          : Started ConcursoacmApplicationTests in 43.98 seconds (process running for 47.06)
]]></system-out>
    <system-err><![CDATA[Mockito is currently self-attaching to enable the inline-mock-maker. This will no longer work in future releases of the JDK. Please add Mockito as an agent to your build what is described in Mockito's documentation: https://javadoc.io/doc/org.mockito/mockito-core/latest/org/mockito/Mockito.html#0.3
WARNING: A Java agent has been loaded dynamically (C:\Users\WTFLUISO\.m2\repository\net\bytebuddy\byte-buddy-agent\1.15.11\byte-buddy-agent-1.15.11.jar)
WARNING: If a serviceability tool is in use, please run with -XX:+EnableDynamicAgentLoading to hide this warning
WARNING: If a serviceability tool is not in use, please run with -Djdk.instrument.traceUsage for more information
WARNING: Dynamic loading of agents will be disallowed by default in a future release
]]></system-err>
  </testcase>
</testsuite>